The target system is: Linux -  - 
The host system is: Linux - 5.11.0-051100-generic - x86_64
Compiling the C compiler identification source file "CMakeCCompilerId.c" succeeded.
Compiler: /home/xinyu/software/gcc-linaro-6.4.1-2018.05-x86_64_aarch64-linux-gnu/bin/aarch64-linux-gnu-gcc 
Build flags: 
Id flags:  

The output was:
0


Compilation of the C compiler identification source "CMakeCCompilerId.c" produced "a.out"

The C compiler identification is GNU, found in "/home/xinyu/workspace/360/test_lcm/build/CMakeFiles/3.10.2/CompilerIdC/a.out"

Compiling the CXX compiler identification source file "CMakeCXXCompilerId.cpp" succeeded.
Compiler: /home/xinyu/software/gcc-linaro-6.4.1-2018.05-x86_64_aarch64-linux-gnu/bin/aarch64-linux-gnu-g++ 
Build flags: 
Id flags:  

The output was:
0


Compilation of the CXX compiler identification source "CMakeCXXCompilerId.cpp" produced "a.out"

The CXX compiler identification is GNU, found in "/home/xinyu/workspace/360/test_lcm/build/CMakeFiles/3.10.2/CompilerIdCXX/a.out"

Determining if the C compiler works passed with the following output:
Change Dir: /home/xinyu/workspace/360/test_lcm/build/CMakeFiles/CMakeTmp

Run Build Command:"/usr/bin/make" "cmTC_dcaf9/fast"
/usr/bin/make -f CMakeFiles/cmTC_dcaf9.dir/build.make CMakeFiles/cmTC_dcaf9.dir/build
make[1]: 进入目录“/home/xinyu/workspace/360/test_lcm/build/CMakeFiles/CMakeTmp”
Building C object CMakeFiles/cmTC_dcaf9.dir/testCCompiler.c.o
/home/xinyu/software/gcc-linaro-6.4.1-2018.05-x86_64_aarch64-linux-gnu/bin/aarch64-linux-gnu-gcc -DUSER=\"xinyu\"   -o CMakeFiles/cmTC_dcaf9.dir/testCCompiler.c.o   -c /home/xinyu/workspace/360/test_lcm/build/CMakeFiles/CMakeTmp/testCCompiler.c
Linking C executable cmTC_dcaf9
/usr/bin/cmake -E cmake_link_script CMakeFiles/cmTC_dcaf9.dir/link.txt --verbose=1
/home/xinyu/software/gcc-linaro-6.4.1-2018.05-x86_64_aarch64-linux-gnu/bin/aarch64-linux-gnu-gcc      -rdynamic CMakeFiles/cmTC_dcaf9.dir/testCCompiler.c.o  -o cmTC_dcaf9 
make[1]: 离开目录“/home/xinyu/workspace/360/test_lcm/build/CMakeFiles/CMakeTmp”


Detecting C compiler ABI info compiled with the following output:
Change Dir: /home/xinyu/workspace/360/test_lcm/build/CMakeFiles/CMakeTmp

Run Build Command:"/usr/bin/make" "cmTC_0a193/fast"
/usr/bin/make -f CMakeFiles/cmTC_0a193.dir/build.make CMakeFiles/cmTC_0a193.dir/build
make[1]: 进入目录“/home/xinyu/workspace/360/test_lcm/build/CMakeFiles/CMakeTmp”
Building C object CMakeFiles/cmTC_0a193.dir/CMakeCCompilerABI.c.o
/home/xinyu/software/gcc-linaro-6.4.1-2018.05-x86_64_aarch64-linux-gnu/bin/aarch64-linux-gnu-gcc -DUSER=\"xinyu\"   -o CMakeFiles/cmTC_0a193.dir/CMakeCCompilerABI.c.o   -c /usr/share/cmake-3.10/Modules/CMakeCCompilerABI.c
Linking C executable cmTC_0a193
/usr/bin/cmake -E cmake_link_script CMakeFiles/cmTC_0a193.dir/link.txt --verbose=1
/home/xinyu/software/gcc-linaro-6.4.1-2018.05-x86_64_aarch64-linux-gnu/bin/aarch64-linux-gnu-gcc     -v -rdynamic CMakeFiles/cmTC_0a193.dir/CMakeCCompilerABI.c.o  -o cmTC_0a193 
使用内建 specs。
COLLECT_GCC=/home/xinyu/software/gcc-linaro-6.4.1-2018.05-x86_64_aarch64-linux-gnu/bin/aarch64-linux-gnu-gcc
COLLECT_LTO_WRAPPER=/home/xinyu/software/gcc-linaro-6.4.1-2018.05-x86_64_aarch64-linux-gnu/bin/../libexec/gcc/aarch64-linux-gnu/6.4.1/lto-wrapper
目标：aarch64-linux-gnu
配置为：'/home/tcwg-buildslave/workspace/tcwg-make-release/builder_arch/amd64/label/tcwg-x86_64-build/target/aarch64-linux-gnu/snapshots/gcc.git~linaro-6.4-2018.05/configure' SHELL=/bin/bash --with-mpc=/home/tcwg-buildslave/workspace/tcwg-make-release/builder_arch/amd64/label/tcwg-x86_64-build/target/aarch64-linux-gnu/_build/builds/destdir/x86_64-unknown-linux-gnu --with-mpfr=/home/tcwg-buildslave/workspace/tcwg-make-release/builder_arch/amd64/label/tcwg-x86_64-build/target/aarch64-linux-gnu/_build/builds/destdir/x86_64-unknown-linux-gnu --with-gmp=/home/tcwg-buildslave/workspace/tcwg-make-release/builder_arch/amd64/label/tcwg-x86_64-build/target/aarch64-linux-gnu/_build/builds/destdir/x86_64-unknown-linux-gnu --with-gnu-as --with-gnu-ld --disable-libmudflap --enable-lto --enable-shared --without-included-gettext --enable-nls --with-system-zlib --disable-sjlj-exceptions --enable-gnu-unique-object --enable-linker-build-id --disable-libstdcxx-pch --enable-c99 --enable-clocale=gnu --enable-libstdcxx-debug --enable-long-long --with-cloog=no --with-ppl=no --with-isl=no --disable-multilib --enable-fix-cortex-a53-835769 --enable-fix-cortex-a53-843419 --with-arch=armv8-a --enable-threads=posix --enable-multiarch --enable-libstdcxx-time=yes --enable-gnu-indirect-function --with-build-sysroot=/home/tcwg-buildslave/workspace/tcwg-make-release/builder_arch/amd64/label/tcwg-x86_64-build/target/aarch64-linux-gnu/_build/sysroots/aarch64-linux-gnu --with-sysroot=/home/tcwg-buildslave/workspace/tcwg-make-release/builder_arch/amd64/label/tcwg-x86_64-build/target/aarch64-linux-gnu/_build/builds/destdir/x86_64-unknown-linux-gnu/aarch64-linux-gnu/libc --enable-checking=release --disable-bootstrap --enable-languages=c,c++,fortran,lto --build=x86_64-unknown-linux-gnu --host=x86_64-unknown-linux-gnu --target=aarch64-linux-gnu --prefix=/home/tcwg-buildslave/workspace/tcwg-make-release/builder_arch/amd64/label/tcwg-x86_64-build/target/aarch64-linux-gnu/_build/builds/destdir/x86_64-unknown-linux-gnu
线程模型：posix
gcc 版本 6.4.1 20180425 [linaro-6.4-2018.05 revision 7b15d0869c096fe39603ad63dc19ab7cf035eb70] (Linaro GCC 6.4-2018.05) 
COMPILER_PATH=/home/xinyu/software/gcc-linaro-6.4.1-2018.05-x86_64_aarch64-linux-gnu/bin/../libexec/gcc/aarch64-linux-gnu/6.4.1/:/home/xinyu/software/gcc-linaro-6.4.1-2018.05-x86_64_aarch64-linux-gnu/bin/../libexec/gcc/aarch64-linux-gnu/:/home/xinyu/software/gcc-linaro-6.4.1-2018.05-x86_64_aarch64-linux-gnu/bin/../libexec/gcc/:/home/xinyu/software/gcc-linaro-6.4.1-2018.05-x86_64_aarch64-linux-gnu/bin/../lib/gcc/aarch64-linux-gnu/6.4.1/../../../../aarch64-linux-gnu/bin/
LIBRARY_PATH=/home/xinyu/software/gcc-linaro-6.4.1-2018.05-x86_64_aarch64-linux-gnu/bin/../lib/gcc/aarch64-linux-gnu/6.4.1/:/home/xinyu/software/gcc-linaro-6.4.1-2018.05-x86_64_aarch64-linux-gnu/bin/../lib/gcc/aarch64-linux-gnu/:/home/xinyu/software/gcc-linaro-6.4.1-2018.05-x86_64_aarch64-linux-gnu/bin/../lib/gcc/:/home/xinyu/software/gcc-linaro-6.4.1-2018.05-x86_64_aarch64-linux-gnu/bin/../lib/gcc/aarch64-linux-gnu/6.4.1/../../../../aarch64-linux-gnu/lib/../lib64/:/home/xinyu/software/gcc-linaro-6.4.1-2018.05-x86_64_aarch64-linux-gnu/bin/../lib/gcc/aarch64-linux-gnu/6.4.1/../../../../aarch64-linux-gnu/lib/:/home/xinyu/software/gcc-linaro-6.4.1-2018.05-x86_64_aarch64-linux-gnu/bin/../aarch64-linux-gnu/libc/lib/:/home/xinyu/software/gcc-linaro-6.4.1-2018.05-x86_64_aarch64-linux-gnu/bin/../aarch64-linux-gnu/libc/usr/lib/
COLLECT_GCC_OPTIONS='-v' '-rdynamic' '-o' 'cmTC_0a193' '-march=armv8-a' '-mlittle-endian' '-mabi=lp64'
 /home/xinyu/software/gcc-linaro-6.4.1-2018.05-x86_64_aarch64-linux-gnu/bin/../libexec/gcc/aarch64-linux-gnu/6.4.1/collect2 -plugin /home/xinyu/software/gcc-linaro-6.4.1-2018.05-x86_64_aarch64-linux-gnu/bin/../libexec/gcc/aarch64-linux-gnu/6.4.1/liblto_plugin.so -plugin-opt=/home/xinyu/software/gcc-linaro-6.4.1-2018.05-x86_64_aarch64-linux-gnu/bin/../libexec/gcc/aarch64-linux-gnu/6.4.1/lto-wrapper -plugin-opt=-fresolution=/tmp/ccnErUaa.res -plugin-opt=-pass-through=-lgcc -plugin-opt=-pass-through=-lgcc_s -plugin-opt=-pass-through=-lc -plugin-opt=-pass-through=-lgcc -plugin-opt=-pass-through=-lgcc_s --sysroot=/home/xinyu/software/gcc-linaro-6.4.1-2018.05-x86_64_aarch64-linux-gnu/bin/../aarch64-linux-gnu/libc --build-id --eh-frame-hdr -export-dynamic -dynamic-linker /lib/ld-linux-aarch64.so.1 -X -EL -maarch64linux --fix-cortex-a53-835769 --fix-cortex-a53-843419 -o cmTC_0a193 /home/xinyu/software/gcc-linaro-6.4.1-2018.05-x86_64_aarch64-linux-gnu/bin/../aarch64-linux-gnu/libc/usr/lib/crt1.o /home/xinyu/software/gcc-linaro-6.4.1-2018.05-x86_64_aarch64-linux-gnu/bin/../aarch64-linux-gnu/libc/usr/lib/crti.o /home/xinyu/software/gcc-linaro-6.4.1-2018.05-x86_64_aarch64-linux-gnu/bin/../lib/gcc/aarch64-linux-gnu/6.4.1/crtbegin.o -L/home/xinyu/software/gcc-linaro-6.4.1-2018.05-x86_64_aarch64-linux-gnu/bin/../lib/gcc/aarch64-linux-gnu/6.4.1 -L/home/xinyu/software/gcc-linaro-6.4.1-2018.05-x86_64_aarch64-linux-gnu/bin/../lib/gcc/aarch64-linux-gnu -L/home/xinyu/software/gcc-linaro-6.4.1-2018.05-x86_64_aarch64-linux-gnu/bin/../lib/gcc -L/home/xinyu/software/gcc-linaro-6.4.1-2018.05-x86_64_aarch64-linux-gnu/bin/../lib/gcc/aarch64-linux-gnu/6.4.1/../../../../aarch64-linux-gnu/lib/../lib64 -L/home/xinyu/software/gcc-linaro-6.4.1-2018.05-x86_64_aarch64-linux-gnu/bin/../lib/gcc/aarch64-linux-gnu/6.4.1/../../../../aarch64-linux-gnu/lib -L/home/xinyu/software/gcc-linaro-6.4.1-2018.05-x86_64_aarch64-linux-gnu/bin/../aarch64-linux-gnu/libc/lib -L/home/xinyu/software/gcc-linaro-6.4.1-2018.05-x86_64_aarch64-linux-gnu/bin/../aarch64-linux-gnu/libc/usr/lib CMakeFiles/cmTC_0a193.dir/CMakeCCompilerABI.c.o -lgcc --as-needed -lgcc_s --no-as-needed -lc -lgcc --as-needed -lgcc_s --no-as-needed /home/xinyu/software/gcc-linaro-6.4.1-2018.05-x86_64_aarch64-linux-gnu/bin/../lib/gcc/aarch64-linux-gnu/6.4.1/crtend.o /home/xinyu/software/gcc-linaro-6.4.1-2018.05-x86_64_aarch64-linux-gnu/bin/../aarch64-linux-gnu/libc/usr/lib/crtn.o
COLLECT_GCC_OPTIONS='-v' '-rdynamic' '-o' 'cmTC_0a193' '-march=armv8-a' '-mlittle-endian' '-mabi=lp64'
make[1]: 离开目录“/home/xinyu/workspace/360/test_lcm/build/CMakeFiles/CMakeTmp”


Parsed C implicit link information from above output:
  link line regex: [^( *|.*[/\])(aarch64-linux-gnu-ld|CMAKE_LINK_STARTFILE-NOTFOUND|([^/\]+-)?ld|collect2)[^/\]*( |$)]
  ignore line: [Change Dir: /home/xinyu/workspace/360/test_lcm/build/CMakeFiles/CMakeTmp]
  ignore line: []
  ignore line: [Run Build Command:"/usr/bin/make" "cmTC_0a193/fast"]
  ignore line: [/usr/bin/make -f CMakeFiles/cmTC_0a193.dir/build.make CMakeFiles/cmTC_0a193.dir/build]
  ignore line: [make[1]: 进入目录“/home/xinyu/workspace/360/test_lcm/build/CMakeFiles/CMakeTmp”]
  ignore line: [Building C object CMakeFiles/cmTC_0a193.dir/CMakeCCompilerABI.c.o]
  ignore line: [/home/xinyu/software/gcc-linaro-6.4.1-2018.05-x86_64_aarch64-linux-gnu/bin/aarch64-linux-gnu-gcc -DUSER=\"xinyu\"   -o CMakeFiles/cmTC_0a193.dir/CMakeCCompilerABI.c.o   -c /usr/share/cmake-3.10/Modules/CMakeCCompilerABI.c]
  ignore line: [Linking C executable cmTC_0a193]
  ignore line: [/usr/bin/cmake -E cmake_link_script CMakeFiles/cmTC_0a193.dir/link.txt --verbose=1]
  ignore line: [/home/xinyu/software/gcc-linaro-6.4.1-2018.05-x86_64_aarch64-linux-gnu/bin/aarch64-linux-gnu-gcc     -v -rdynamic CMakeFiles/cmTC_0a193.dir/CMakeCCompilerABI.c.o  -o cmTC_0a193 ]
  ignore line: [使用内建 specs。]
  ignore line: [COLLECT_GCC=/home/xinyu/software/gcc-linaro-6.4.1-2018.05-x86_64_aarch64-linux-gnu/bin/aarch64-linux-gnu-gcc]
  ignore line: [COLLECT_LTO_WRAPPER=/home/xinyu/software/gcc-linaro-6.4.1-2018.05-x86_64_aarch64-linux-gnu/bin/../libexec/gcc/aarch64-linux-gnu/6.4.1/lto-wrapper]
  ignore line: [目标：aarch64-linux-gnu]
  ignore line: [配置为：'/home/tcwg-buildslave/workspace/tcwg-make-release/builder_arch/amd64/label/tcwg-x86_64-build/target/aarch64-linux-gnu/snapshots/gcc.git~linaro-6.4-2018.05/configure' SHELL=/bin/bash --with-mpc=/home/tcwg-buildslave/workspace/tcwg-make-release/builder_arch/amd64/label/tcwg-x86_64-build/target/aarch64-linux-gnu/_build/builds/destdir/x86_64-unknown-linux-gnu --with-mpfr=/home/tcwg-buildslave/workspace/tcwg-make-release/builder_arch/amd64/label/tcwg-x86_64-build/target/aarch64-linux-gnu/_build/builds/destdir/x86_64-unknown-linux-gnu --with-gmp=/home/tcwg-buildslave/workspace/tcwg-make-release/builder_arch/amd64/label/tcwg-x86_64-build/target/aarch64-linux-gnu/_build/builds/destdir/x86_64-unknown-linux-gnu --with-gnu-as --with-gnu-ld --disable-libmudflap --enable-lto --enable-shared --without-included-gettext --enable-nls --with-system-zlib --disable-sjlj-exceptions --enable-gnu-unique-object --enable-linker-build-id --disable-libstdcxx-pch --enable-c99 --enable-clocale=gnu --enable-libstdcxx-debug --enable-long-long --with-cloog=no --with-ppl=no --with-isl=no --disable-multilib --enable-fix-cortex-a53-835769 --enable-fix-cortex-a53-843419 --with-arch=armv8-a --enable-threads=posix --enable-multiarch --enable-libstdcxx-time=yes --enable-gnu-indirect-function --with-build-sysroot=/home/tcwg-buildslave/workspace/tcwg-make-release/builder_arch/amd64/label/tcwg-x86_64-build/target/aarch64-linux-gnu/_build/sysroots/aarch64-linux-gnu --with-sysroot=/home/tcwg-buildslave/workspace/tcwg-make-release/builder_arch/amd64/label/tcwg-x86_64-build/target/aarch64-linux-gnu/_build/builds/destdir/x86_64-unknown-linux-gnu/aarch64-linux-gnu/libc --enable-checking=release --disable-bootstrap --enable-languages=c,c++,fortran,lto --build=x86_64-unknown-linux-gnu --host=x86_64-unknown-linux-gnu --target=aarch64-linux-gnu --prefix=/home/tcwg-buildslave/workspace/tcwg-make-release/builder_arch/amd64/label/tcwg-x86_64-build/target/aarch64-linux-gnu/_build/builds/destdir/x86_64-unknown-linux-gnu]
  ignore line: [线程模型：posix]
  ignore line: [gcc 版本 6.4.1 20180425 [linaro-6.4-2018.05 revision 7b15d0869c096fe39603ad63dc19ab7cf035eb70] (Linaro GCC 6.4-2018.05) ]
  ignore line: [COMPILER_PATH=/home/xinyu/software/gcc-linaro-6.4.1-2018.05-x86_64_aarch64-linux-gnu/bin/../libexec/gcc/aarch64-linux-gnu/6.4.1/:/home/xinyu/software/gcc-linaro-6.4.1-2018.05-x86_64_aarch64-linux-gnu/bin/../libexec/gcc/aarch64-linux-gnu/:/home/xinyu/software/gcc-linaro-6.4.1-2018.05-x86_64_aarch64-linux-gnu/bin/../libexec/gcc/:/home/xinyu/software/gcc-linaro-6.4.1-2018.05-x86_64_aarch64-linux-gnu/bin/../lib/gcc/aarch64-linux-gnu/6.4.1/../../../../aarch64-linux-gnu/bin/]
  ignore line: [LIBRARY_PATH=/home/xinyu/software/gcc-linaro-6.4.1-2018.05-x86_64_aarch64-linux-gnu/bin/../lib/gcc/aarch64-linux-gnu/6.4.1/:/home/xinyu/software/gcc-linaro-6.4.1-2018.05-x86_64_aarch64-linux-gnu/bin/../lib/gcc/aarch64-linux-gnu/:/home/xinyu/software/gcc-linaro-6.4.1-2018.05-x86_64_aarch64-linux-gnu/bin/../lib/gcc/:/home/xinyu/software/gcc-linaro-6.4.1-2018.05-x86_64_aarch64-linux-gnu/bin/../lib/gcc/aarch64-linux-gnu/6.4.1/../../../../aarch64-linux-gnu/lib/../lib64/:/home/xinyu/software/gcc-linaro-6.4.1-2018.05-x86_64_aarch64-linux-gnu/bin/../lib/gcc/aarch64-linux-gnu/6.4.1/../../../../aarch64-linux-gnu/lib/:/home/xinyu/software/gcc-linaro-6.4.1-2018.05-x86_64_aarch64-linux-gnu/bin/../aarch64-linux-gnu/libc/lib/:/home/xinyu/software/gcc-linaro-6.4.1-2018.05-x86_64_aarch64-linux-gnu/bin/../aarch64-linux-gnu/libc/usr/lib/]
  ignore line: [COLLECT_GCC_OPTIONS='-v' '-rdynamic' '-o' 'cmTC_0a193' '-march=armv8-a' '-mlittle-endian' '-mabi=lp64']
  link line: [ /home/xinyu/software/gcc-linaro-6.4.1-2018.05-x86_64_aarch64-linux-gnu/bin/../libexec/gcc/aarch64-linux-gnu/6.4.1/collect2 -plugin /home/xinyu/software/gcc-linaro-6.4.1-2018.05-x86_64_aarch64-linux-gnu/bin/../libexec/gcc/aarch64-linux-gnu/6.4.1/liblto_plugin.so -plugin-opt=/home/xinyu/software/gcc-linaro-6.4.1-2018.05-x86_64_aarch64-linux-gnu/bin/../libexec/gcc/aarch64-linux-gnu/6.4.1/lto-wrapper -plugin-opt=-fresolution=/tmp/ccnErUaa.res -plugin-opt=-pass-through=-lgcc -plugin-opt=-pass-through=-lgcc_s -plugin-opt=-pass-through=-lc -plugin-opt=-pass-through=-lgcc -plugin-opt=-pass-through=-lgcc_s --sysroot=/home/xinyu/software/gcc-linaro-6.4.1-2018.05-x86_64_aarch64-linux-gnu/bin/../aarch64-linux-gnu/libc --build-id --eh-frame-hdr -export-dynamic -dynamic-linker /lib/ld-linux-aarch64.so.1 -X -EL -maarch64linux --fix-cortex-a53-835769 --fix-cortex-a53-843419 -o cmTC_0a193 /home/xinyu/software/gcc-linaro-6.4.1-2018.05-x86_64_aarch64-linux-gnu/bin/../aarch64-linux-gnu/libc/usr/lib/crt1.o /home/xinyu/software/gcc-linaro-6.4.1-2018.05-x86_64_aarch64-linux-gnu/bin/../aarch64-linux-gnu/libc/usr/lib/crti.o /home/xinyu/software/gcc-linaro-6.4.1-2018.05-x86_64_aarch64-linux-gnu/bin/../lib/gcc/aarch64-linux-gnu/6.4.1/crtbegin.o -L/home/xinyu/software/gcc-linaro-6.4.1-2018.05-x86_64_aarch64-linux-gnu/bin/../lib/gcc/aarch64-linux-gnu/6.4.1 -L/home/xinyu/software/gcc-linaro-6.4.1-2018.05-x86_64_aarch64-linux-gnu/bin/../lib/gcc/aarch64-linux-gnu -L/home/xinyu/software/gcc-linaro-6.4.1-2018.05-x86_64_aarch64-linux-gnu/bin/../lib/gcc -L/home/xinyu/software/gcc-linaro-6.4.1-2018.05-x86_64_aarch64-linux-gnu/bin/../lib/gcc/aarch64-linux-gnu/6.4.1/../../../../aarch64-linux-gnu/lib/../lib64 -L/home/xinyu/software/gcc-linaro-6.4.1-2018.05-x86_64_aarch64-linux-gnu/bin/../lib/gcc/aarch64-linux-gnu/6.4.1/../../../../aarch64-linux-gnu/lib -L/home/xinyu/software/gcc-linaro-6.4.1-2018.05-x86_64_aarch64-linux-gnu/bin/../aarch64-linux-gnu/libc/lib -L/home/xinyu/software/gcc-linaro-6.4.1-2018.05-x86_64_aarch64-linux-gnu/bin/../aarch64-linux-gnu/libc/usr/lib CMakeFiles/cmTC_0a193.dir/CMakeCCompilerABI.c.o -lgcc --as-needed -lgcc_s --no-as-needed -lc -lgcc --as-needed -lgcc_s --no-as-needed /home/xinyu/software/gcc-linaro-6.4.1-2018.05-x86_64_aarch64-linux-gnu/bin/../lib/gcc/aarch64-linux-gnu/6.4.1/crtend.o /home/xinyu/software/gcc-linaro-6.4.1-2018.05-x86_64_aarch64-linux-gnu/bin/../aarch64-linux-gnu/libc/usr/lib/crtn.o]
    arg [/home/xinyu/software/gcc-linaro-6.4.1-2018.05-x86_64_aarch64-linux-gnu/bin/../libexec/gcc/aarch64-linux-gnu/6.4.1/collect2] ==> ignore
    arg [-plugin] ==> ignore
    arg [/home/xinyu/software/gcc-linaro-6.4.1-2018.05-x86_64_aarch64-linux-gnu/bin/../libexec/gcc/aarch64-linux-gnu/6.4.1/liblto_plugin.so] ==> ignore
    arg [-plugin-opt=/home/xinyu/software/gcc-linaro-6.4.1-2018.05-x86_64_aarch64-linux-gnu/bin/../libexec/gcc/aarch64-linux-gnu/6.4.1/lto-wrapper] ==> ignore
    arg [-plugin-opt=-fresolution=/tmp/ccnErUaa.res] ==> ignore
    arg [-plugin-opt=-pass-through=-lgcc] ==> ignore
    arg [-plugin-opt=-pass-through=-lgcc_s] ==> ignore
    arg [-plugin-opt=-pass-through=-lc] ==> ignore
    arg [-plugin-opt=-pass-through=-lgcc] ==> ignore
    arg [-plugin-opt=-pass-through=-lgcc_s] ==> ignore
    arg [--sysroot=/home/xinyu/software/gcc-linaro-6.4.1-2018.05-x86_64_aarch64-linux-gnu/bin/../aarch64-linux-gnu/libc] ==> ignore
    arg [--build-id] ==> ignore
    arg [--eh-frame-hdr] ==> ignore
    arg [-export-dynamic] ==> ignore
    arg [-dynamic-linker] ==> ignore
    arg [/lib/ld-linux-aarch64.so.1] ==> ignore
    arg [-X] ==> ignore
    arg [-EL] ==> ignore
    arg [-maarch64linux] ==> ignore
    arg [--fix-cortex-a53-835769] ==> ignore
    arg [--fix-cortex-a53-843419] ==> ignore
    arg [-o] ==> ignore
    arg [cmTC_0a193] ==> ignore
    arg [/home/xinyu/software/gcc-linaro-6.4.1-2018.05-x86_64_aarch64-linux-gnu/bin/../aarch64-linux-gnu/libc/usr/lib/crt1.o] ==> ignore
    arg [/home/xinyu/software/gcc-linaro-6.4.1-2018.05-x86_64_aarch64-linux-gnu/bin/../aarch64-linux-gnu/libc/usr/lib/crti.o] ==> ignore
    arg [/home/xinyu/software/gcc-linaro-6.4.1-2018.05-x86_64_aarch64-linux-gnu/bin/../lib/gcc/aarch64-linux-gnu/6.4.1/crtbegin.o] ==> ignore
    arg [-L/home/xinyu/software/gcc-linaro-6.4.1-2018.05-x86_64_aarch64-linux-gnu/bin/../lib/gcc/aarch64-linux-gnu/6.4.1] ==> dir [/home/xinyu/software/gcc-linaro-6.4.1-2018.05-x86_64_aarch64-linux-gnu/bin/../lib/gcc/aarch64-linux-gnu/6.4.1]
    arg [-L/home/xinyu/software/gcc-linaro-6.4.1-2018.05-x86_64_aarch64-linux-gnu/bin/../lib/gcc/aarch64-linux-gnu] ==> dir [/home/xinyu/software/gcc-linaro-6.4.1-2018.05-x86_64_aarch64-linux-gnu/bin/../lib/gcc/aarch64-linux-gnu]
    arg [-L/home/xinyu/software/gcc-linaro-6.4.1-2018.05-x86_64_aarch64-linux-gnu/bin/../lib/gcc] ==> dir [/home/xinyu/software/gcc-linaro-6.4.1-2018.05-x86_64_aarch64-linux-gnu/bin/../lib/gcc]
    arg [-L/home/xinyu/software/gcc-linaro-6.4.1-2018.05-x86_64_aarch64-linux-gnu/bin/../lib/gcc/aarch64-linux-gnu/6.4.1/../../../../aarch64-linux-gnu/lib/../lib64] ==> dir [/home/xinyu/software/gcc-linaro-6.4.1-2018.05-x86_64_aarch64-linux-gnu/bin/../lib/gcc/aarch64-linux-gnu/6.4.1/../../../../aarch64-linux-gnu/lib/../lib64]
    arg [-L/home/xinyu/software/gcc-linaro-6.4.1-2018.05-x86_64_aarch64-linux-gnu/bin/../lib/gcc/aarch64-linux-gnu/6.4.1/../../../../aarch64-linux-gnu/lib] ==> dir [/home/xinyu/software/gcc-linaro-6.4.1-2018.05-x86_64_aarch64-linux-gnu/bin/../lib/gcc/aarch64-linux-gnu/6.4.1/../../../../aarch64-linux-gnu/lib]
    arg [-L/home/xinyu/software/gcc-linaro-6.4.1-2018.05-x86_64_aarch64-linux-gnu/bin/../aarch64-linux-gnu/libc/lib] ==> dir [/home/xinyu/software/gcc-linaro-6.4.1-2018.05-x86_64_aarch64-linux-gnu/bin/../aarch64-linux-gnu/libc/lib]
    arg [-L/home/xinyu/software/gcc-linaro-6.4.1-2018.05-x86_64_aarch64-linux-gnu/bin/../aarch64-linux-gnu/libc/usr/lib] ==> dir [/home/xinyu/software/gcc-linaro-6.4.1-2018.05-x86_64_aarch64-linux-gnu/bin/../aarch64-linux-gnu/libc/usr/lib]
    arg [CMakeFiles/cmTC_0a193.dir/CMakeCCompilerABI.c.o] ==> ignore
    arg [-lgcc] ==> lib [gcc]
    arg [--as-needed] ==> ignore
    arg [-lgcc_s] ==> lib [gcc_s]
    arg [--no-as-needed] ==> ignore
    arg [-lc] ==> lib [c]
    arg [-lgcc] ==> lib [gcc]
    arg [--as-needed] ==> ignore
    arg [-lgcc_s] ==> lib [gcc_s]
    arg [--no-as-needed] ==> ignore
    arg [/home/xinyu/software/gcc-linaro-6.4.1-2018.05-x86_64_aarch64-linux-gnu/bin/../lib/gcc/aarch64-linux-gnu/6.4.1/crtend.o] ==> ignore
    arg [/home/xinyu/software/gcc-linaro-6.4.1-2018.05-x86_64_aarch64-linux-gnu/bin/../aarch64-linux-gnu/libc/usr/lib/crtn.o] ==> ignore
  collapse library dir [/home/xinyu/software/gcc-linaro-6.4.1-2018.05-x86_64_aarch64-linux-gnu/bin/../lib/gcc/aarch64-linux-gnu/6.4.1] ==> [/home/xinyu/software/gcc-linaro-6.4.1-2018.05-x86_64_aarch64-linux-gnu/lib/gcc/aarch64-linux-gnu/6.4.1]
  collapse library dir [/home/xinyu/software/gcc-linaro-6.4.1-2018.05-x86_64_aarch64-linux-gnu/bin/../lib/gcc/aarch64-linux-gnu] ==> [/home/xinyu/software/gcc-linaro-6.4.1-2018.05-x86_64_aarch64-linux-gnu/lib/gcc/aarch64-linux-gnu]
  collapse library dir [/home/xinyu/software/gcc-linaro-6.4.1-2018.05-x86_64_aarch64-linux-gnu/bin/../lib/gcc] ==> [/home/xinyu/software/gcc-linaro-6.4.1-2018.05-x86_64_aarch64-linux-gnu/lib/gcc]
  collapse library dir [/home/xinyu/software/gcc-linaro-6.4.1-2018.05-x86_64_aarch64-linux-gnu/bin/../lib/gcc/aarch64-linux-gnu/6.4.1/../../../../aarch64-linux-gnu/lib/../lib64] ==> [/home/xinyu/software/gcc-linaro-6.4.1-2018.05-x86_64_aarch64-linux-gnu/aarch64-linux-gnu/lib64]
  collapse library dir [/home/xinyu/software/gcc-linaro-6.4.1-2018.05-x86_64_aarch64-linux-gnu/bin/../lib/gcc/aarch64-linux-gnu/6.4.1/../../../../aarch64-linux-gnu/lib] ==> [/home/xinyu/software/gcc-linaro-6.4.1-2018.05-x86_64_aarch64-linux-gnu/aarch64-linux-gnu/lib]
  collapse library dir [/home/xinyu/software/gcc-linaro-6.4.1-2018.05-x86_64_aarch64-linux-gnu/bin/../aarch64-linux-gnu/libc/lib] ==> [/home/xinyu/software/gcc-linaro-6.4.1-2018.05-x86_64_aarch64-linux-gnu/aarch64-linux-gnu/libc/lib]
  collapse library dir [/home/xinyu/software/gcc-linaro-6.4.1-2018.05-x86_64_aarch64-linux-gnu/bin/../aarch64-linux-gnu/libc/usr/lib] ==> [/home/xinyu/software/gcc-linaro-6.4.1-2018.05-x86_64_aarch64-linux-gnu/aarch64-linux-gnu/libc/usr/lib]
  implicit libs: [gcc;gcc_s;c;gcc;gcc_s]
  implicit dirs: [/home/xinyu/software/gcc-linaro-6.4.1-2018.05-x86_64_aarch64-linux-gnu/lib/gcc/aarch64-linux-gnu/6.4.1;/home/xinyu/software/gcc-linaro-6.4.1-2018.05-x86_64_aarch64-linux-gnu/lib/gcc/aarch64-linux-gnu;/home/xinyu/software/gcc-linaro-6.4.1-2018.05-x86_64_aarch64-linux-gnu/lib/gcc;/home/xinyu/software/gcc-linaro-6.4.1-2018.05-x86_64_aarch64-linux-gnu/aarch64-linux-gnu/lib64;/home/xinyu/software/gcc-linaro-6.4.1-2018.05-x86_64_aarch64-linux-gnu/aarch64-linux-gnu/lib;/home/xinyu/software/gcc-linaro-6.4.1-2018.05-x86_64_aarch64-linux-gnu/aarch64-linux-gnu/libc/lib;/home/xinyu/software/gcc-linaro-6.4.1-2018.05-x86_64_aarch64-linux-gnu/aarch64-linux-gnu/libc/usr/lib]
  implicit fwks: []




Detecting C [-std=c11] compiler features compiled with the following output:
Change Dir: /home/xinyu/workspace/360/test_lcm/build/CMakeFiles/CMakeTmp

Run Build Command:"/usr/bin/make" "cmTC_f8866/fast"
/usr/bin/make -f CMakeFiles/cmTC_f8866.dir/build.make CMakeFiles/cmTC_f8866.dir/build
make[1]: 进入目录“/home/xinyu/workspace/360/test_lcm/build/CMakeFiles/CMakeTmp”
Building C object CMakeFiles/cmTC_f8866.dir/feature_tests.c.o
/home/xinyu/software/gcc-linaro-6.4.1-2018.05-x86_64_aarch64-linux-gnu/bin/aarch64-linux-gnu-gcc -DUSER=\"xinyu\"  -std=c11 -o CMakeFiles/cmTC_f8866.dir/feature_tests.c.o   -c /home/xinyu/workspace/360/test_lcm/build/CMakeFiles/feature_tests.c
Linking C executable cmTC_f8866
/usr/bin/cmake -E cmake_link_script CMakeFiles/cmTC_f8866.dir/link.txt --verbose=1
/home/xinyu/software/gcc-linaro-6.4.1-2018.05-x86_64_aarch64-linux-gnu/bin/aarch64-linux-gnu-gcc      -rdynamic CMakeFiles/cmTC_f8866.dir/feature_tests.c.o  -o cmTC_f8866 
make[1]: 离开目录“/home/xinyu/workspace/360/test_lcm/build/CMakeFiles/CMakeTmp”


    Feature record: C_FEATURE:1c_function_prototypes
    Feature record: C_FEATURE:1c_restrict
    Feature record: C_FEATURE:1c_static_assert
    Feature record: C_FEATURE:1c_variadic_macros


Detecting C [-std=c99] compiler features compiled with the following output:
Change Dir: /home/xinyu/workspace/360/test_lcm/build/CMakeFiles/CMakeTmp

Run Build Command:"/usr/bin/make" "cmTC_2f561/fast"
/usr/bin/make -f CMakeFiles/cmTC_2f561.dir/build.make CMakeFiles/cmTC_2f561.dir/build
make[1]: 进入目录“/home/xinyu/workspace/360/test_lcm/build/CMakeFiles/CMakeTmp”
Building C object CMakeFiles/cmTC_2f561.dir/feature_tests.c.o
/home/xinyu/software/gcc-linaro-6.4.1-2018.05-x86_64_aarch64-linux-gnu/bin/aarch64-linux-gnu-gcc -DUSER=\"xinyu\"  -std=c99 -o CMakeFiles/cmTC_2f561.dir/feature_tests.c.o   -c /home/xinyu/workspace/360/test_lcm/build/CMakeFiles/feature_tests.c
Linking C executable cmTC_2f561
/usr/bin/cmake -E cmake_link_script CMakeFiles/cmTC_2f561.dir/link.txt --verbose=1
/home/xinyu/software/gcc-linaro-6.4.1-2018.05-x86_64_aarch64-linux-gnu/bin/aarch64-linux-gnu-gcc      -rdynamic CMakeFiles/cmTC_2f561.dir/feature_tests.c.o  -o cmTC_2f561 
make[1]: 离开目录“/home/xinyu/workspace/360/test_lcm/build/CMakeFiles/CMakeTmp”


    Feature record: C_FEATURE:1c_function_prototypes
    Feature record: C_FEATURE:1c_restrict
    Feature record: C_FEATURE:0c_static_assert
    Feature record: C_FEATURE:1c_variadic_macros


Detecting C [-std=c90] compiler features compiled with the following output:
Change Dir: /home/xinyu/workspace/360/test_lcm/build/CMakeFiles/CMakeTmp

Run Build Command:"/usr/bin/make" "cmTC_16051/fast"
/usr/bin/make -f CMakeFiles/cmTC_16051.dir/build.make CMakeFiles/cmTC_16051.dir/build
make[1]: 进入目录“/home/xinyu/workspace/360/test_lcm/build/CMakeFiles/CMakeTmp”
Building C object CMakeFiles/cmTC_16051.dir/feature_tests.c.o
/home/xinyu/software/gcc-linaro-6.4.1-2018.05-x86_64_aarch64-linux-gnu/bin/aarch64-linux-gnu-gcc -DUSER=\"xinyu\"  -std=c90 -o CMakeFiles/cmTC_16051.dir/feature_tests.c.o   -c /home/xinyu/workspace/360/test_lcm/build/CMakeFiles/feature_tests.c
Linking C executable cmTC_16051
/usr/bin/cmake -E cmake_link_script CMakeFiles/cmTC_16051.dir/link.txt --verbose=1
/home/xinyu/software/gcc-linaro-6.4.1-2018.05-x86_64_aarch64-linux-gnu/bin/aarch64-linux-gnu-gcc      -rdynamic CMakeFiles/cmTC_16051.dir/feature_tests.c.o  -o cmTC_16051 
make[1]: 离开目录“/home/xinyu/workspace/360/test_lcm/build/CMakeFiles/CMakeTmp”


    Feature record: C_FEATURE:1c_function_prototypes
    Feature record: C_FEATURE:0c_restrict
    Feature record: C_FEATURE:0c_static_assert
    Feature record: C_FEATURE:0c_variadic_macros
Determining if the CXX compiler works passed with the following output:
Change Dir: /home/xinyu/workspace/360/test_lcm/build/CMakeFiles/CMakeTmp

Run Build Command:"/usr/bin/make" "cmTC_98b09/fast"
/usr/bin/make -f CMakeFiles/cmTC_98b09.dir/build.make CMakeFiles/cmTC_98b09.dir/build
make[1]: 进入目录“/home/xinyu/workspace/360/test_lcm/build/CMakeFiles/CMakeTmp”
Building CXX object CMakeFiles/cmTC_98b09.dir/testCXXCompiler.cxx.o
/home/xinyu/software/gcc-linaro-6.4.1-2018.05-x86_64_aarch64-linux-gnu/bin/aarch64-linux-gnu-g++  -DUSER=\"xinyu\"   -o CMakeFiles/cmTC_98b09.dir/testCXXCompiler.cxx.o -c /home/xinyu/workspace/360/test_lcm/build/CMakeFiles/CMakeTmp/testCXXCompiler.cxx
Linking CXX executable cmTC_98b09
/usr/bin/cmake -E cmake_link_script CMakeFiles/cmTC_98b09.dir/link.txt --verbose=1
/home/xinyu/software/gcc-linaro-6.4.1-2018.05-x86_64_aarch64-linux-gnu/bin/aarch64-linux-gnu-g++       -rdynamic CMakeFiles/cmTC_98b09.dir/testCXXCompiler.cxx.o  -o cmTC_98b09 
make[1]: 离开目录“/home/xinyu/workspace/360/test_lcm/build/CMakeFiles/CMakeTmp”


Detecting CXX compiler ABI info compiled with the following output:
Change Dir: /home/xinyu/workspace/360/test_lcm/build/CMakeFiles/CMakeTmp

Run Build Command:"/usr/bin/make" "cmTC_326fa/fast"
/usr/bin/make -f CMakeFiles/cmTC_326fa.dir/build.make CMakeFiles/cmTC_326fa.dir/build
make[1]: 进入目录“/home/xinyu/workspace/360/test_lcm/build/CMakeFiles/CMakeTmp”
Building CXX object CMakeFiles/cmTC_326fa.dir/CMakeCXXCompilerABI.cpp.o
/home/xinyu/software/gcc-linaro-6.4.1-2018.05-x86_64_aarch64-linux-gnu/bin/aarch64-linux-gnu-g++  -DUSER=\"xinyu\"   -o CMakeFiles/cmTC_326fa.dir/CMakeCXXCompilerABI.cpp.o -c /usr/share/cmake-3.10/Modules/CMakeCXXCompilerABI.cpp
Linking CXX executable cmTC_326fa
/usr/bin/cmake -E cmake_link_script CMakeFiles/cmTC_326fa.dir/link.txt --verbose=1
/home/xinyu/software/gcc-linaro-6.4.1-2018.05-x86_64_aarch64-linux-gnu/bin/aarch64-linux-gnu-g++      -v -rdynamic CMakeFiles/cmTC_326fa.dir/CMakeCXXCompilerABI.cpp.o  -o cmTC_326fa 
使用内建 specs。
COLLECT_GCC=/home/xinyu/software/gcc-linaro-6.4.1-2018.05-x86_64_aarch64-linux-gnu/bin/aarch64-linux-gnu-g++
COLLECT_LTO_WRAPPER=/home/xinyu/software/gcc-linaro-6.4.1-2018.05-x86_64_aarch64-linux-gnu/bin/../libexec/gcc/aarch64-linux-gnu/6.4.1/lto-wrapper
目标：aarch64-linux-gnu
配置为：'/home/tcwg-buildslave/workspace/tcwg-make-release/builder_arch/amd64/label/tcwg-x86_64-build/target/aarch64-linux-gnu/snapshots/gcc.git~linaro-6.4-2018.05/configure' SHELL=/bin/bash --with-mpc=/home/tcwg-buildslave/workspace/tcwg-make-release/builder_arch/amd64/label/tcwg-x86_64-build/target/aarch64-linux-gnu/_build/builds/destdir/x86_64-unknown-linux-gnu --with-mpfr=/home/tcwg-buildslave/workspace/tcwg-make-release/builder_arch/amd64/label/tcwg-x86_64-build/target/aarch64-linux-gnu/_build/builds/destdir/x86_64-unknown-linux-gnu --with-gmp=/home/tcwg-buildslave/workspace/tcwg-make-release/builder_arch/amd64/label/tcwg-x86_64-build/target/aarch64-linux-gnu/_build/builds/destdir/x86_64-unknown-linux-gnu --with-gnu-as --with-gnu-ld --disable-libmudflap --enable-lto --enable-shared --without-included-gettext --enable-nls --with-system-zlib --disable-sjlj-exceptions --enable-gnu-unique-object --enable-linker-build-id --disable-libstdcxx-pch --enable-c99 --enable-clocale=gnu --enable-libstdcxx-debug --enable-long-long --with-cloog=no --with-ppl=no --with-isl=no --disable-multilib --enable-fix-cortex-a53-835769 --enable-fix-cortex-a53-843419 --with-arch=armv8-a --enable-threads=posix --enable-multiarch --enable-libstdcxx-time=yes --enable-gnu-indirect-function --with-build-sysroot=/home/tcwg-buildslave/workspace/tcwg-make-release/builder_arch/amd64/label/tcwg-x86_64-build/target/aarch64-linux-gnu/_build/sysroots/aarch64-linux-gnu --with-sysroot=/home/tcwg-buildslave/workspace/tcwg-make-release/builder_arch/amd64/label/tcwg-x86_64-build/target/aarch64-linux-gnu/_build/builds/destdir/x86_64-unknown-linux-gnu/aarch64-linux-gnu/libc --enable-checking=release --disable-bootstrap --enable-languages=c,c++,fortran,lto --build=x86_64-unknown-linux-gnu --host=x86_64-unknown-linux-gnu --target=aarch64-linux-gnu --prefix=/home/tcwg-buildslave/workspace/tcwg-make-release/builder_arch/amd64/label/tcwg-x86_64-build/target/aarch64-linux-gnu/_build/builds/destdir/x86_64-unknown-linux-gnu
线程模型：posix
gcc 版本 6.4.1 20180425 [linaro-6.4-2018.05 revision 7b15d0869c096fe39603ad63dc19ab7cf035eb70] (Linaro GCC 6.4-2018.05) 
COMPILER_PATH=/home/xinyu/software/gcc-linaro-6.4.1-2018.05-x86_64_aarch64-linux-gnu/bin/../libexec/gcc/aarch64-linux-gnu/6.4.1/:/home/xinyu/software/gcc-linaro-6.4.1-2018.05-x86_64_aarch64-linux-gnu/bin/../libexec/gcc/aarch64-linux-gnu/:/home/xinyu/software/gcc-linaro-6.4.1-2018.05-x86_64_aarch64-linux-gnu/bin/../libexec/gcc/:/home/xinyu/software/gcc-linaro-6.4.1-2018.05-x86_64_aarch64-linux-gnu/bin/../lib/gcc/aarch64-linux-gnu/6.4.1/../../../../aarch64-linux-gnu/bin/
LIBRARY_PATH=/home/xinyu/software/gcc-linaro-6.4.1-2018.05-x86_64_aarch64-linux-gnu/bin/../lib/gcc/aarch64-linux-gnu/6.4.1/:/home/xinyu/software/gcc-linaro-6.4.1-2018.05-x86_64_aarch64-linux-gnu/bin/../lib/gcc/aarch64-linux-gnu/:/home/xinyu/software/gcc-linaro-6.4.1-2018.05-x86_64_aarch64-linux-gnu/bin/../lib/gcc/:/home/xinyu/software/gcc-linaro-6.4.1-2018.05-x86_64_aarch64-linux-gnu/bin/../lib/gcc/aarch64-linux-gnu/6.4.1/../../../../aarch64-linux-gnu/lib/../lib64/:/home/xinyu/software/gcc-linaro-6.4.1-2018.05-x86_64_aarch64-linux-gnu/bin/../lib/gcc/aarch64-linux-gnu/6.4.1/../../../../aarch64-linux-gnu/lib/:/home/xinyu/software/gcc-linaro-6.4.1-2018.05-x86_64_aarch64-linux-gnu/bin/../aarch64-linux-gnu/libc/lib/:/home/xinyu/software/gcc-linaro-6.4.1-2018.05-x86_64_aarch64-linux-gnu/bin/../aarch64-linux-gnu/libc/usr/lib/
COLLECT_GCC_OPTIONS='-v' '-rdynamic' '-o' 'cmTC_326fa' '-shared-libgcc' '-march=armv8-a' '-mlittle-endian' '-mabi=lp64'
 /home/xinyu/software/gcc-linaro-6.4.1-2018.05-x86_64_aarch64-linux-gnu/bin/../libexec/gcc/aarch64-linux-gnu/6.4.1/collect2 -plugin /home/xinyu/software/gcc-linaro-6.4.1-2018.05-x86_64_aarch64-linux-gnu/bin/../libexec/gcc/aarch64-linux-gnu/6.4.1/liblto_plugin.so -plugin-opt=/home/xinyu/software/gcc-linaro-6.4.1-2018.05-x86_64_aarch64-linux-gnu/bin/../libexec/gcc/aarch64-linux-gnu/6.4.1/lto-wrapper -plugin-opt=-fresolution=/tmp/ccfDbsYs.res -plugin-opt=-pass-through=-lgcc_s -plugin-opt=-pass-through=-lgcc -plugin-opt=-pass-through=-lc -plugin-opt=-pass-through=-lgcc_s -plugin-opt=-pass-through=-lgcc --sysroot=/home/xinyu/software/gcc-linaro-6.4.1-2018.05-x86_64_aarch64-linux-gnu/bin/../aarch64-linux-gnu/libc --build-id --eh-frame-hdr -export-dynamic -dynamic-linker /lib/ld-linux-aarch64.so.1 -X -EL -maarch64linux --fix-cortex-a53-835769 --fix-cortex-a53-843419 -o cmTC_326fa /home/xinyu/software/gcc-linaro-6.4.1-2018.05-x86_64_aarch64-linux-gnu/bin/../aarch64-linux-gnu/libc/usr/lib/crt1.o /home/xinyu/software/gcc-linaro-6.4.1-2018.05-x86_64_aarch64-linux-gnu/bin/../aarch64-linux-gnu/libc/usr/lib/crti.o /home/xinyu/software/gcc-linaro-6.4.1-2018.05-x86_64_aarch64-linux-gnu/bin/../lib/gcc/aarch64-linux-gnu/6.4.1/crtbegin.o -L/home/xinyu/software/gcc-linaro-6.4.1-2018.05-x86_64_aarch64-linux-gnu/bin/../lib/gcc/aarch64-linux-gnu/6.4.1 -L/home/xinyu/software/gcc-linaro-6.4.1-2018.05-x86_64_aarch64-linux-gnu/bin/../lib/gcc/aarch64-linux-gnu -L/home/xinyu/software/gcc-linaro-6.4.1-2018.05-x86_64_aarch64-linux-gnu/bin/../lib/gcc -L/home/xinyu/software/gcc-linaro-6.4.1-2018.05-x86_64_aarch64-linux-gnu/bin/../lib/gcc/aarch64-linux-gnu/6.4.1/../../../../aarch64-linux-gnu/lib/../lib64 -L/home/xinyu/software/gcc-linaro-6.4.1-2018.05-x86_64_aarch64-linux-gnu/bin/../lib/gcc/aarch64-linux-gnu/6.4.1/../../../../aarch64-linux-gnu/lib -L/home/xinyu/software/gcc-linaro-6.4.1-2018.05-x86_64_aarch64-linux-gnu/bin/../aarch64-linux-gnu/libc/lib -L/home/xinyu/software/gcc-linaro-6.4.1-2018.05-x86_64_aarch64-linux-gnu/bin/../aarch64-linux-gnu/libc/usr/lib CMakeFiles/cmTC_326fa.dir/CMakeCXXCompilerABI.cpp.o -lstdc++ -lm -lgcc_s -lgcc -lc -lgcc_s -lgcc /home/xinyu/software/gcc-linaro-6.4.1-2018.05-x86_64_aarch64-linux-gnu/bin/../lib/gcc/aarch64-linux-gnu/6.4.1/crtend.o /home/xinyu/software/gcc-linaro-6.4.1-2018.05-x86_64_aarch64-linux-gnu/bin/../aarch64-linux-gnu/libc/usr/lib/crtn.o
COLLECT_GCC_OPTIONS='-v' '-rdynamic' '-o' 'cmTC_326fa' '-shared-libgcc' '-march=armv8-a' '-mlittle-endian' '-mabi=lp64'
make[1]: 离开目录“/home/xinyu/workspace/360/test_lcm/build/CMakeFiles/CMakeTmp”


Parsed CXX implicit link information from above output:
  link line regex: [^( *|.*[/\])(aarch64-linux-gnu-ld|CMAKE_LINK_STARTFILE-NOTFOUND|([^/\]+-)?ld|collect2)[^/\]*( |$)]
  ignore line: [Change Dir: /home/xinyu/workspace/360/test_lcm/build/CMakeFiles/CMakeTmp]
  ignore line: []
  ignore line: [Run Build Command:"/usr/bin/make" "cmTC_326fa/fast"]
  ignore line: [/usr/bin/make -f CMakeFiles/cmTC_326fa.dir/build.make CMakeFiles/cmTC_326fa.dir/build]
  ignore line: [make[1]: 进入目录“/home/xinyu/workspace/360/test_lcm/build/CMakeFiles/CMakeTmp”]
  ignore line: [Building CXX object CMakeFiles/cmTC_326fa.dir/CMakeCXXCompilerABI.cpp.o]
  ignore line: [/home/xinyu/software/gcc-linaro-6.4.1-2018.05-x86_64_aarch64-linux-gnu/bin/aarch64-linux-gnu-g++  -DUSER=\"xinyu\"   -o CMakeFiles/cmTC_326fa.dir/CMakeCXXCompilerABI.cpp.o -c /usr/share/cmake-3.10/Modules/CMakeCXXCompilerABI.cpp]
  ignore line: [Linking CXX executable cmTC_326fa]
  ignore line: [/usr/bin/cmake -E cmake_link_script CMakeFiles/cmTC_326fa.dir/link.txt --verbose=1]
  ignore line: [/home/xinyu/software/gcc-linaro-6.4.1-2018.05-x86_64_aarch64-linux-gnu/bin/aarch64-linux-gnu-g++      -v -rdynamic CMakeFiles/cmTC_326fa.dir/CMakeCXXCompilerABI.cpp.o  -o cmTC_326fa ]
  ignore line: [使用内建 specs。]
  ignore line: [COLLECT_GCC=/home/xinyu/software/gcc-linaro-6.4.1-2018.05-x86_64_aarch64-linux-gnu/bin/aarch64-linux-gnu-g++]
  ignore line: [COLLECT_LTO_WRAPPER=/home/xinyu/software/gcc-linaro-6.4.1-2018.05-x86_64_aarch64-linux-gnu/bin/../libexec/gcc/aarch64-linux-gnu/6.4.1/lto-wrapper]
  ignore line: [目标：aarch64-linux-gnu]
  ignore line: [配置为：'/home/tcwg-buildslave/workspace/tcwg-make-release/builder_arch/amd64/label/tcwg-x86_64-build/target/aarch64-linux-gnu/snapshots/gcc.git~linaro-6.4-2018.05/configure' SHELL=/bin/bash --with-mpc=/home/tcwg-buildslave/workspace/tcwg-make-release/builder_arch/amd64/label/tcwg-x86_64-build/target/aarch64-linux-gnu/_build/builds/destdir/x86_64-unknown-linux-gnu --with-mpfr=/home/tcwg-buildslave/workspace/tcwg-make-release/builder_arch/amd64/label/tcwg-x86_64-build/target/aarch64-linux-gnu/_build/builds/destdir/x86_64-unknown-linux-gnu --with-gmp=/home/tcwg-buildslave/workspace/tcwg-make-release/builder_arch/amd64/label/tcwg-x86_64-build/target/aarch64-linux-gnu/_build/builds/destdir/x86_64-unknown-linux-gnu --with-gnu-as --with-gnu-ld --disable-libmudflap --enable-lto --enable-shared --without-included-gettext --enable-nls --with-system-zlib --disable-sjlj-exceptions --enable-gnu-unique-object --enable-linker-build-id --disable-libstdcxx-pch --enable-c99 --enable-clocale=gnu --enable-libstdcxx-debug --enable-long-long --with-cloog=no --with-ppl=no --with-isl=no --disable-multilib --enable-fix-cortex-a53-835769 --enable-fix-cortex-a53-843419 --with-arch=armv8-a --enable-threads=posix --enable-multiarch --enable-libstdcxx-time=yes --enable-gnu-indirect-function --with-build-sysroot=/home/tcwg-buildslave/workspace/tcwg-make-release/builder_arch/amd64/label/tcwg-x86_64-build/target/aarch64-linux-gnu/_build/sysroots/aarch64-linux-gnu --with-sysroot=/home/tcwg-buildslave/workspace/tcwg-make-release/builder_arch/amd64/label/tcwg-x86_64-build/target/aarch64-linux-gnu/_build/builds/destdir/x86_64-unknown-linux-gnu/aarch64-linux-gnu/libc --enable-checking=release --disable-bootstrap --enable-languages=c,c++,fortran,lto --build=x86_64-unknown-linux-gnu --host=x86_64-unknown-linux-gnu --target=aarch64-linux-gnu --prefix=/home/tcwg-buildslave/workspace/tcwg-make-release/builder_arch/amd64/label/tcwg-x86_64-build/target/aarch64-linux-gnu/_build/builds/destdir/x86_64-unknown-linux-gnu]
  ignore line: [线程模型：posix]
  ignore line: [gcc 版本 6.4.1 20180425 [linaro-6.4-2018.05 revision 7b15d0869c096fe39603ad63dc19ab7cf035eb70] (Linaro GCC 6.4-2018.05) ]
  ignore line: [COMPILER_PATH=/home/xinyu/software/gcc-linaro-6.4.1-2018.05-x86_64_aarch64-linux-gnu/bin/../libexec/gcc/aarch64-linux-gnu/6.4.1/:/home/xinyu/software/gcc-linaro-6.4.1-2018.05-x86_64_aarch64-linux-gnu/bin/../libexec/gcc/aarch64-linux-gnu/:/home/xinyu/software/gcc-linaro-6.4.1-2018.05-x86_64_aarch64-linux-gnu/bin/../libexec/gcc/:/home/xinyu/software/gcc-linaro-6.4.1-2018.05-x86_64_aarch64-linux-gnu/bin/../lib/gcc/aarch64-linux-gnu/6.4.1/../../../../aarch64-linux-gnu/bin/]
  ignore line: [LIBRARY_PATH=/home/xinyu/software/gcc-linaro-6.4.1-2018.05-x86_64_aarch64-linux-gnu/bin/../lib/gcc/aarch64-linux-gnu/6.4.1/:/home/xinyu/software/gcc-linaro-6.4.1-2018.05-x86_64_aarch64-linux-gnu/bin/../lib/gcc/aarch64-linux-gnu/:/home/xinyu/software/gcc-linaro-6.4.1-2018.05-x86_64_aarch64-linux-gnu/bin/../lib/gcc/:/home/xinyu/software/gcc-linaro-6.4.1-2018.05-x86_64_aarch64-linux-gnu/bin/../lib/gcc/aarch64-linux-gnu/6.4.1/../../../../aarch64-linux-gnu/lib/../lib64/:/home/xinyu/software/gcc-linaro-6.4.1-2018.05-x86_64_aarch64-linux-gnu/bin/../lib/gcc/aarch64-linux-gnu/6.4.1/../../../../aarch64-linux-gnu/lib/:/home/xinyu/software/gcc-linaro-6.4.1-2018.05-x86_64_aarch64-linux-gnu/bin/../aarch64-linux-gnu/libc/lib/:/home/xinyu/software/gcc-linaro-6.4.1-2018.05-x86_64_aarch64-linux-gnu/bin/../aarch64-linux-gnu/libc/usr/lib/]
  ignore line: [COLLECT_GCC_OPTIONS='-v' '-rdynamic' '-o' 'cmTC_326fa' '-shared-libgcc' '-march=armv8-a' '-mlittle-endian' '-mabi=lp64']
  link line: [ /home/xinyu/software/gcc-linaro-6.4.1-2018.05-x86_64_aarch64-linux-gnu/bin/../libexec/gcc/aarch64-linux-gnu/6.4.1/collect2 -plugin /home/xinyu/software/gcc-linaro-6.4.1-2018.05-x86_64_aarch64-linux-gnu/bin/../libexec/gcc/aarch64-linux-gnu/6.4.1/liblto_plugin.so -plugin-opt=/home/xinyu/software/gcc-linaro-6.4.1-2018.05-x86_64_aarch64-linux-gnu/bin/../libexec/gcc/aarch64-linux-gnu/6.4.1/lto-wrapper -plugin-opt=-fresolution=/tmp/ccfDbsYs.res -plugin-opt=-pass-through=-lgcc_s -plugin-opt=-pass-through=-lgcc -plugin-opt=-pass-through=-lc -plugin-opt=-pass-through=-lgcc_s -plugin-opt=-pass-through=-lgcc --sysroot=/home/xinyu/software/gcc-linaro-6.4.1-2018.05-x86_64_aarch64-linux-gnu/bin/../aarch64-linux-gnu/libc --build-id --eh-frame-hdr -export-dynamic -dynamic-linker /lib/ld-linux-aarch64.so.1 -X -EL -maarch64linux --fix-cortex-a53-835769 --fix-cortex-a53-843419 -o cmTC_326fa /home/xinyu/software/gcc-linaro-6.4.1-2018.05-x86_64_aarch64-linux-gnu/bin/../aarch64-linux-gnu/libc/usr/lib/crt1.o /home/xinyu/software/gcc-linaro-6.4.1-2018.05-x86_64_aarch64-linux-gnu/bin/../aarch64-linux-gnu/libc/usr/lib/crti.o /home/xinyu/software/gcc-linaro-6.4.1-2018.05-x86_64_aarch64-linux-gnu/bin/../lib/gcc/aarch64-linux-gnu/6.4.1/crtbegin.o -L/home/xinyu/software/gcc-linaro-6.4.1-2018.05-x86_64_aarch64-linux-gnu/bin/../lib/gcc/aarch64-linux-gnu/6.4.1 -L/home/xinyu/software/gcc-linaro-6.4.1-2018.05-x86_64_aarch64-linux-gnu/bin/../lib/gcc/aarch64-linux-gnu -L/home/xinyu/software/gcc-linaro-6.4.1-2018.05-x86_64_aarch64-linux-gnu/bin/../lib/gcc -L/home/xinyu/software/gcc-linaro-6.4.1-2018.05-x86_64_aarch64-linux-gnu/bin/../lib/gcc/aarch64-linux-gnu/6.4.1/../../../../aarch64-linux-gnu/lib/../lib64 -L/home/xinyu/software/gcc-linaro-6.4.1-2018.05-x86_64_aarch64-linux-gnu/bin/../lib/gcc/aarch64-linux-gnu/6.4.1/../../../../aarch64-linux-gnu/lib -L/home/xinyu/software/gcc-linaro-6.4.1-2018.05-x86_64_aarch64-linux-gnu/bin/../aarch64-linux-gnu/libc/lib -L/home/xinyu/software/gcc-linaro-6.4.1-2018.05-x86_64_aarch64-linux-gnu/bin/../aarch64-linux-gnu/libc/usr/lib CMakeFiles/cmTC_326fa.dir/CMakeCXXCompilerABI.cpp.o -lstdc++ -lm -lgcc_s -lgcc -lc -lgcc_s -lgcc /home/xinyu/software/gcc-linaro-6.4.1-2018.05-x86_64_aarch64-linux-gnu/bin/../lib/gcc/aarch64-linux-gnu/6.4.1/crtend.o /home/xinyu/software/gcc-linaro-6.4.1-2018.05-x86_64_aarch64-linux-gnu/bin/../aarch64-linux-gnu/libc/usr/lib/crtn.o]
    arg [/home/xinyu/software/gcc-linaro-6.4.1-2018.05-x86_64_aarch64-linux-gnu/bin/../libexec/gcc/aarch64-linux-gnu/6.4.1/collect2] ==> ignore
    arg [-plugin] ==> ignore
    arg [/home/xinyu/software/gcc-linaro-6.4.1-2018.05-x86_64_aarch64-linux-gnu/bin/../libexec/gcc/aarch64-linux-gnu/6.4.1/liblto_plugin.so] ==> ignore
    arg [-plugin-opt=/home/xinyu/software/gcc-linaro-6.4.1-2018.05-x86_64_aarch64-linux-gnu/bin/../libexec/gcc/aarch64-linux-gnu/6.4.1/lto-wrapper] ==> ignore
    arg [-plugin-opt=-fresolution=/tmp/ccfDbsYs.res] ==> ignore
    arg [-plugin-opt=-pass-through=-lgcc_s] ==> ignore
    arg [-plugin-opt=-pass-through=-lgcc] ==> ignore
    arg [-plugin-opt=-pass-through=-lc] ==> ignore
    arg [-plugin-opt=-pass-through=-lgcc_s] ==> ignore
    arg [-plugin-opt=-pass-through=-lgcc] ==> ignore
    arg [--sysroot=/home/xinyu/software/gcc-linaro-6.4.1-2018.05-x86_64_aarch64-linux-gnu/bin/../aarch64-linux-gnu/libc] ==> ignore
    arg [--build-id] ==> ignore
    arg [--eh-frame-hdr] ==> ignore
    arg [-export-dynamic] ==> ignore
    arg [-dynamic-linker] ==> ignore
    arg [/lib/ld-linux-aarch64.so.1] ==> ignore
    arg [-X] ==> ignore
    arg [-EL] ==> ignore
    arg [-maarch64linux] ==> ignore
    arg [--fix-cortex-a53-835769] ==> ignore
    arg [--fix-cortex-a53-843419] ==> ignore
    arg [-o] ==> ignore
    arg [cmTC_326fa] ==> ignore
    arg [/home/xinyu/software/gcc-linaro-6.4.1-2018.05-x86_64_aarch64-linux-gnu/bin/../aarch64-linux-gnu/libc/usr/lib/crt1.o] ==> ignore
    arg [/home/xinyu/software/gcc-linaro-6.4.1-2018.05-x86_64_aarch64-linux-gnu/bin/../aarch64-linux-gnu/libc/usr/lib/crti.o] ==> ignore
    arg [/home/xinyu/software/gcc-linaro-6.4.1-2018.05-x86_64_aarch64-linux-gnu/bin/../lib/gcc/aarch64-linux-gnu/6.4.1/crtbegin.o] ==> ignore
    arg [-L/home/xinyu/software/gcc-linaro-6.4.1-2018.05-x86_64_aarch64-linux-gnu/bin/../lib/gcc/aarch64-linux-gnu/6.4.1] ==> dir [/home/xinyu/software/gcc-linaro-6.4.1-2018.05-x86_64_aarch64-linux-gnu/bin/../lib/gcc/aarch64-linux-gnu/6.4.1]
    arg [-L/home/xinyu/software/gcc-linaro-6.4.1-2018.05-x86_64_aarch64-linux-gnu/bin/../lib/gcc/aarch64-linux-gnu] ==> dir [/home/xinyu/software/gcc-linaro-6.4.1-2018.05-x86_64_aarch64-linux-gnu/bin/../lib/gcc/aarch64-linux-gnu]
    arg [-L/home/xinyu/software/gcc-linaro-6.4.1-2018.05-x86_64_aarch64-linux-gnu/bin/../lib/gcc] ==> dir [/home/xinyu/software/gcc-linaro-6.4.1-2018.05-x86_64_aarch64-linux-gnu/bin/../lib/gcc]
    arg [-L/home/xinyu/software/gcc-linaro-6.4.1-2018.05-x86_64_aarch64-linux-gnu/bin/../lib/gcc/aarch64-linux-gnu/6.4.1/../../../../aarch64-linux-gnu/lib/../lib64] ==> dir [/home/xinyu/software/gcc-linaro-6.4.1-2018.05-x86_64_aarch64-linux-gnu/bin/../lib/gcc/aarch64-linux-gnu/6.4.1/../../../../aarch64-linux-gnu/lib/../lib64]
    arg [-L/home/xinyu/software/gcc-linaro-6.4.1-2018.05-x86_64_aarch64-linux-gnu/bin/../lib/gcc/aarch64-linux-gnu/6.4.1/../../../../aarch64-linux-gnu/lib] ==> dir [/home/xinyu/software/gcc-linaro-6.4.1-2018.05-x86_64_aarch64-linux-gnu/bin/../lib/gcc/aarch64-linux-gnu/6.4.1/../../../../aarch64-linux-gnu/lib]
    arg [-L/home/xinyu/software/gcc-linaro-6.4.1-2018.05-x86_64_aarch64-linux-gnu/bin/../aarch64-linux-gnu/libc/lib] ==> dir [/home/xinyu/software/gcc-linaro-6.4.1-2018.05-x86_64_aarch64-linux-gnu/bin/../aarch64-linux-gnu/libc/lib]
    arg [-L/home/xinyu/software/gcc-linaro-6.4.1-2018.05-x86_64_aarch64-linux-gnu/bin/../aarch64-linux-gnu/libc/usr/lib] ==> dir [/home/xinyu/software/gcc-linaro-6.4.1-2018.05-x86_64_aarch64-linux-gnu/bin/../aarch64-linux-gnu/libc/usr/lib]
    arg [CMakeFiles/cmTC_326fa.dir/CMakeCXXCompilerABI.cpp.o] ==> ignore
    arg [-lstdc++] ==> lib [stdc++]
    arg [-lm] ==> lib [m]
    arg [-lgcc_s] ==> lib [gcc_s]
    arg [-lgcc] ==> lib [gcc]
    arg [-lc] ==> lib [c]
    arg [-lgcc_s] ==> lib [gcc_s]
    arg [-lgcc] ==> lib [gcc]
    arg [/home/xinyu/software/gcc-linaro-6.4.1-2018.05-x86_64_aarch64-linux-gnu/bin/../lib/gcc/aarch64-linux-gnu/6.4.1/crtend.o] ==> ignore
    arg [/home/xinyu/software/gcc-linaro-6.4.1-2018.05-x86_64_aarch64-linux-gnu/bin/../aarch64-linux-gnu/libc/usr/lib/crtn.o] ==> ignore
  collapse library dir [/home/xinyu/software/gcc-linaro-6.4.1-2018.05-x86_64_aarch64-linux-gnu/bin/../lib/gcc/aarch64-linux-gnu/6.4.1] ==> [/home/xinyu/software/gcc-linaro-6.4.1-2018.05-x86_64_aarch64-linux-gnu/lib/gcc/aarch64-linux-gnu/6.4.1]
  collapse library dir [/home/xinyu/software/gcc-linaro-6.4.1-2018.05-x86_64_aarch64-linux-gnu/bin/../lib/gcc/aarch64-linux-gnu] ==> [/home/xinyu/software/gcc-linaro-6.4.1-2018.05-x86_64_aarch64-linux-gnu/lib/gcc/aarch64-linux-gnu]
  collapse library dir [/home/xinyu/software/gcc-linaro-6.4.1-2018.05-x86_64_aarch64-linux-gnu/bin/../lib/gcc] ==> [/home/xinyu/software/gcc-linaro-6.4.1-2018.05-x86_64_aarch64-linux-gnu/lib/gcc]
  collapse library dir [/home/xinyu/software/gcc-linaro-6.4.1-2018.05-x86_64_aarch64-linux-gnu/bin/../lib/gcc/aarch64-linux-gnu/6.4.1/../../../../aarch64-linux-gnu/lib/../lib64] ==> [/home/xinyu/software/gcc-linaro-6.4.1-2018.05-x86_64_aarch64-linux-gnu/aarch64-linux-gnu/lib64]
  collapse library dir [/home/xinyu/software/gcc-linaro-6.4.1-2018.05-x86_64_aarch64-linux-gnu/bin/../lib/gcc/aarch64-linux-gnu/6.4.1/../../../../aarch64-linux-gnu/lib] ==> [/home/xinyu/software/gcc-linaro-6.4.1-2018.05-x86_64_aarch64-linux-gnu/aarch64-linux-gnu/lib]
  collapse library dir [/home/xinyu/software/gcc-linaro-6.4.1-2018.05-x86_64_aarch64-linux-gnu/bin/../aarch64-linux-gnu/libc/lib] ==> [/home/xinyu/software/gcc-linaro-6.4.1-2018.05-x86_64_aarch64-linux-gnu/aarch64-linux-gnu/libc/lib]
  collapse library dir [/home/xinyu/software/gcc-linaro-6.4.1-2018.05-x86_64_aarch64-linux-gnu/bin/../aarch64-linux-gnu/libc/usr/lib] ==> [/home/xinyu/software/gcc-linaro-6.4.1-2018.05-x86_64_aarch64-linux-gnu/aarch64-linux-gnu/libc/usr/lib]
  implicit libs: [stdc++;m;gcc_s;gcc;c;gcc_s;gcc]
  implicit dirs: [/home/xinyu/software/gcc-linaro-6.4.1-2018.05-x86_64_aarch64-linux-gnu/lib/gcc/aarch64-linux-gnu/6.4.1;/home/xinyu/software/gcc-linaro-6.4.1-2018.05-x86_64_aarch64-linux-gnu/lib/gcc/aarch64-linux-gnu;/home/xinyu/software/gcc-linaro-6.4.1-2018.05-x86_64_aarch64-linux-gnu/lib/gcc;/home/xinyu/software/gcc-linaro-6.4.1-2018.05-x86_64_aarch64-linux-gnu/aarch64-linux-gnu/lib64;/home/xinyu/software/gcc-linaro-6.4.1-2018.05-x86_64_aarch64-linux-gnu/aarch64-linux-gnu/lib;/home/xinyu/software/gcc-linaro-6.4.1-2018.05-x86_64_aarch64-linux-gnu/aarch64-linux-gnu/libc/lib;/home/xinyu/software/gcc-linaro-6.4.1-2018.05-x86_64_aarch64-linux-gnu/aarch64-linux-gnu/libc/usr/lib]
  implicit fwks: []




Detecting CXX [-std=c++1z] compiler features compiled with the following output:
Change Dir: /home/xinyu/workspace/360/test_lcm/build/CMakeFiles/CMakeTmp

Run Build Command:"/usr/bin/make" "cmTC_e6dfc/fast"
/usr/bin/make -f CMakeFiles/cmTC_e6dfc.dir/build.make CMakeFiles/cmTC_e6dfc.dir/build
make[1]: 进入目录“/home/xinyu/workspace/360/test_lcm/build/CMakeFiles/CMakeTmp”
Building CXX object CMakeFiles/cmTC_e6dfc.dir/feature_tests.cxx.o
/home/xinyu/software/gcc-linaro-6.4.1-2018.05-x86_64_aarch64-linux-gnu/bin/aarch64-linux-gnu-g++  -DUSER=\"xinyu\"  -std=c++1z -o CMakeFiles/cmTC_e6dfc.dir/feature_tests.cxx.o -c /home/xinyu/workspace/360/test_lcm/build/CMakeFiles/feature_tests.cxx
Linking CXX executable cmTC_e6dfc
/usr/bin/cmake -E cmake_link_script CMakeFiles/cmTC_e6dfc.dir/link.txt --verbose=1
/home/xinyu/software/gcc-linaro-6.4.1-2018.05-x86_64_aarch64-linux-gnu/bin/aarch64-linux-gnu-g++       -rdynamic CMakeFiles/cmTC_e6dfc.dir/feature_tests.cxx.o  -o cmTC_e6dfc 
make[1]: 离开目录“/home/xinyu/workspace/360/test_lcm/build/CMakeFiles/CMakeTmp”


    Feature record: CXX_FEATURE:1cxx_aggregate_default_initializers
    Feature record: CXX_FEATURE:1cxx_alias_templates
    Feature record: CXX_FEATURE:1cxx_alignas
    Feature record: CXX_FEATURE:1cxx_alignof
    Feature record: CXX_FEATURE:1cxx_attributes
    Feature record: CXX_FEATURE:1cxx_attribute_deprecated
    Feature record: CXX_FEATURE:1cxx_auto_type
    Feature record: CXX_FEATURE:1cxx_binary_literals
    Feature record: CXX_FEATURE:1cxx_constexpr
    Feature record: CXX_FEATURE:1cxx_contextual_conversions
    Feature record: CXX_FEATURE:1cxx_decltype
    Feature record: CXX_FEATURE:1cxx_decltype_auto
    Feature record: CXX_FEATURE:1cxx_decltype_incomplete_return_types
    Feature record: CXX_FEATURE:1cxx_default_function_template_args
    Feature record: CXX_FEATURE:1cxx_defaulted_functions
    Feature record: CXX_FEATURE:1cxx_defaulted_move_initializers
    Feature record: CXX_FEATURE:1cxx_delegating_constructors
    Feature record: CXX_FEATURE:1cxx_deleted_functions
    Feature record: CXX_FEATURE:1cxx_digit_separators
    Feature record: CXX_FEATURE:1cxx_enum_forward_declarations
    Feature record: CXX_FEATURE:1cxx_explicit_conversions
    Feature record: CXX_FEATURE:1cxx_extended_friend_declarations
    Feature record: CXX_FEATURE:1cxx_extern_templates
    Feature record: CXX_FEATURE:1cxx_final
    Feature record: CXX_FEATURE:1cxx_func_identifier
    Feature record: CXX_FEATURE:1cxx_generalized_initializers
    Feature record: CXX_FEATURE:1cxx_generic_lambdas
    Feature record: CXX_FEATURE:1cxx_inheriting_constructors
    Feature record: CXX_FEATURE:1cxx_inline_namespaces
    Feature record: CXX_FEATURE:1cxx_lambdas
    Feature record: CXX_FEATURE:1cxx_lambda_init_captures
    Feature record: CXX_FEATURE:1cxx_local_type_template_args
    Feature record: CXX_FEATURE:1cxx_long_long_type
    Feature record: CXX_FEATURE:1cxx_noexcept
    Feature record: CXX_FEATURE:1cxx_nonstatic_member_init
    Feature record: CXX_FEATURE:1cxx_nullptr
    Feature record: CXX_FEATURE:1cxx_override
    Feature record: CXX_FEATURE:1cxx_range_for
    Feature record: CXX_FEATURE:1cxx_raw_string_literals
    Feature record: CXX_FEATURE:1cxx_reference_qualified_functions
    Feature record: CXX_FEATURE:1cxx_relaxed_constexpr
    Feature record: CXX_FEATURE:1cxx_return_type_deduction
    Feature record: CXX_FEATURE:1cxx_right_angle_brackets
    Feature record: CXX_FEATURE:1cxx_rvalue_references
    Feature record: CXX_FEATURE:1cxx_sizeof_member
    Feature record: CXX_FEATURE:1cxx_static_assert
    Feature record: CXX_FEATURE:1cxx_strong_enums
    Feature record: CXX_FEATURE:1cxx_template_template_parameters
    Feature record: CXX_FEATURE:1cxx_thread_local
    Feature record: CXX_FEATURE:1cxx_trailing_return_types
    Feature record: CXX_FEATURE:1cxx_unicode_literals
    Feature record: CXX_FEATURE:1cxx_uniform_initialization
    Feature record: CXX_FEATURE:1cxx_unrestricted_unions
    Feature record: CXX_FEATURE:1cxx_user_literals
    Feature record: CXX_FEATURE:1cxx_variable_templates
    Feature record: CXX_FEATURE:1cxx_variadic_macros
    Feature record: CXX_FEATURE:1cxx_variadic_templates


Detecting CXX [-std=c++14] compiler features compiled with the following output:
Change Dir: /home/xinyu/workspace/360/test_lcm/build/CMakeFiles/CMakeTmp

Run Build Command:"/usr/bin/make" "cmTC_68ce3/fast"
/usr/bin/make -f CMakeFiles/cmTC_68ce3.dir/build.make CMakeFiles/cmTC_68ce3.dir/build
make[1]: 进入目录“/home/xinyu/workspace/360/test_lcm/build/CMakeFiles/CMakeTmp”
Building CXX object CMakeFiles/cmTC_68ce3.dir/feature_tests.cxx.o
/home/xinyu/software/gcc-linaro-6.4.1-2018.05-x86_64_aarch64-linux-gnu/bin/aarch64-linux-gnu-g++  -DUSER=\"xinyu\"  -std=c++14 -o CMakeFiles/cmTC_68ce3.dir/feature_tests.cxx.o -c /home/xinyu/workspace/360/test_lcm/build/CMakeFiles/feature_tests.cxx
Linking CXX executable cmTC_68ce3
/usr/bin/cmake -E cmake_link_script CMakeFiles/cmTC_68ce3.dir/link.txt --verbose=1
/home/xinyu/software/gcc-linaro-6.4.1-2018.05-x86_64_aarch64-linux-gnu/bin/aarch64-linux-gnu-g++       -rdynamic CMakeFiles/cmTC_68ce3.dir/feature_tests.cxx.o  -o cmTC_68ce3 
make[1]: 离开目录“/home/xinyu/workspace/360/test_lcm/build/CMakeFiles/CMakeTmp”


    Feature record: CXX_FEATURE:1cxx_aggregate_default_initializers
    Feature record: CXX_FEATURE:1cxx_alias_templates
    Feature record: CXX_FEATURE:1cxx_alignas
    Feature record: CXX_FEATURE:1cxx_alignof
    Feature record: CXX_FEATURE:1cxx_attributes
    Feature record: CXX_FEATURE:1cxx_attribute_deprecated
    Feature record: CXX_FEATURE:1cxx_auto_type
    Feature record: CXX_FEATURE:1cxx_binary_literals
    Feature record: CXX_FEATURE:1cxx_constexpr
    Feature record: CXX_FEATURE:1cxx_contextual_conversions
    Feature record: CXX_FEATURE:1cxx_decltype
    Feature record: CXX_FEATURE:1cxx_decltype_auto
    Feature record: CXX_FEATURE:1cxx_decltype_incomplete_return_types
    Feature record: CXX_FEATURE:1cxx_default_function_template_args
    Feature record: CXX_FEATURE:1cxx_defaulted_functions
    Feature record: CXX_FEATURE:1cxx_defaulted_move_initializers
    Feature record: CXX_FEATURE:1cxx_delegating_constructors
    Feature record: CXX_FEATURE:1cxx_deleted_functions
    Feature record: CXX_FEATURE:1cxx_digit_separators
    Feature record: CXX_FEATURE:1cxx_enum_forward_declarations
    Feature record: CXX_FEATURE:1cxx_explicit_conversions
    Feature record: CXX_FEATURE:1cxx_extended_friend_declarations
    Feature record: CXX_FEATURE:1cxx_extern_templates
    Feature record: CXX_FEATURE:1cxx_final
    Feature record: CXX_FEATURE:1cxx_func_identifier
    Feature record: CXX_FEATURE:1cxx_generalized_initializers
    Feature record: CXX_FEATURE:1cxx_generic_lambdas
    Feature record: CXX_FEATURE:1cxx_inheriting_constructors
    Feature record: CXX_FEATURE:1cxx_inline_namespaces
    Feature record: CXX_FEATURE:1cxx_lambdas
    Feature record: CXX_FEATURE:1cxx_lambda_init_captures
    Feature record: CXX_FEATURE:1cxx_local_type_template_args
    Feature record: CXX_FEATURE:1cxx_long_long_type
    Feature record: CXX_FEATURE:1cxx_noexcept
    Feature record: CXX_FEATURE:1cxx_nonstatic_member_init
    Feature record: CXX_FEATURE:1cxx_nullptr
    Feature record: CXX_FEATURE:1cxx_override
    Feature record: CXX_FEATURE:1cxx_range_for
    Feature record: CXX_FEATURE:1cxx_raw_string_literals
    Feature record: CXX_FEATURE:1cxx_reference_qualified_functions
    Feature record: CXX_FEATURE:1cxx_relaxed_constexpr
    Feature record: CXX_FEATURE:1cxx_return_type_deduction
    Feature record: CXX_FEATURE:1cxx_right_angle_brackets
    Feature record: CXX_FEATURE:1cxx_rvalue_references
    Feature record: CXX_FEATURE:1cxx_sizeof_member
    Feature record: CXX_FEATURE:1cxx_static_assert
    Feature record: CXX_FEATURE:1cxx_strong_enums
    Feature record: CXX_FEATURE:1cxx_template_template_parameters
    Feature record: CXX_FEATURE:1cxx_thread_local
    Feature record: CXX_FEATURE:1cxx_trailing_return_types
    Feature record: CXX_FEATURE:1cxx_unicode_literals
    Feature record: CXX_FEATURE:1cxx_uniform_initialization
    Feature record: CXX_FEATURE:1cxx_unrestricted_unions
    Feature record: CXX_FEATURE:1cxx_user_literals
    Feature record: CXX_FEATURE:1cxx_variable_templates
    Feature record: CXX_FEATURE:1cxx_variadic_macros
    Feature record: CXX_FEATURE:1cxx_variadic_templates


Detecting CXX [-std=c++11] compiler features compiled with the following output:
Change Dir: /home/xinyu/workspace/360/test_lcm/build/CMakeFiles/CMakeTmp

Run Build Command:"/usr/bin/make" "cmTC_c1cc7/fast"
/usr/bin/make -f CMakeFiles/cmTC_c1cc7.dir/build.make CMakeFiles/cmTC_c1cc7.dir/build
make[1]: 进入目录“/home/xinyu/workspace/360/test_lcm/build/CMakeFiles/CMakeTmp”
Building CXX object CMakeFiles/cmTC_c1cc7.dir/feature_tests.cxx.o
/home/xinyu/software/gcc-linaro-6.4.1-2018.05-x86_64_aarch64-linux-gnu/bin/aarch64-linux-gnu-g++  -DUSER=\"xinyu\"  -std=c++11 -o CMakeFiles/cmTC_c1cc7.dir/feature_tests.cxx.o -c /home/xinyu/workspace/360/test_lcm/build/CMakeFiles/feature_tests.cxx
Linking CXX executable cmTC_c1cc7
/usr/bin/cmake -E cmake_link_script CMakeFiles/cmTC_c1cc7.dir/link.txt --verbose=1
/home/xinyu/software/gcc-linaro-6.4.1-2018.05-x86_64_aarch64-linux-gnu/bin/aarch64-linux-gnu-g++       -rdynamic CMakeFiles/cmTC_c1cc7.dir/feature_tests.cxx.o  -o cmTC_c1cc7 
make[1]: 离开目录“/home/xinyu/workspace/360/test_lcm/build/CMakeFiles/CMakeTmp”


    Feature record: CXX_FEATURE:0cxx_aggregate_default_initializers
    Feature record: CXX_FEATURE:1cxx_alias_templates
    Feature record: CXX_FEATURE:1cxx_alignas
    Feature record: CXX_FEATURE:1cxx_alignof
    Feature record: CXX_FEATURE:1cxx_attributes
    Feature record: CXX_FEATURE:0cxx_attribute_deprecated
    Feature record: CXX_FEATURE:1cxx_auto_type
    Feature record: CXX_FEATURE:0cxx_binary_literals
    Feature record: CXX_FEATURE:1cxx_constexpr
    Feature record: CXX_FEATURE:0cxx_contextual_conversions
    Feature record: CXX_FEATURE:1cxx_decltype
    Feature record: CXX_FEATURE:0cxx_decltype_auto
    Feature record: CXX_FEATURE:1cxx_decltype_incomplete_return_types
    Feature record: CXX_FEATURE:1cxx_default_function_template_args
    Feature record: CXX_FEATURE:1cxx_defaulted_functions
    Feature record: CXX_FEATURE:1cxx_defaulted_move_initializers
    Feature record: CXX_FEATURE:1cxx_delegating_constructors
    Feature record: CXX_FEATURE:1cxx_deleted_functions
    Feature record: CXX_FEATURE:0cxx_digit_separators
    Feature record: CXX_FEATURE:1cxx_enum_forward_declarations
    Feature record: CXX_FEATURE:1cxx_explicit_conversions
    Feature record: CXX_FEATURE:1cxx_extended_friend_declarations
    Feature record: CXX_FEATURE:1cxx_extern_templates
    Feature record: CXX_FEATURE:1cxx_final
    Feature record: CXX_FEATURE:1cxx_func_identifier
    Feature record: CXX_FEATURE:1cxx_generalized_initializers
    Feature record: CXX_FEATURE:0cxx_generic_lambdas
    Feature record: CXX_FEATURE:1cxx_inheriting_constructors
    Feature record: CXX_FEATURE:1cxx_inline_namespaces
    Feature record: CXX_FEATURE:1cxx_lambdas
    Feature record: CXX_FEATURE:0cxx_lambda_init_captures
    Feature record: CXX_FEATURE:1cxx_local_type_template_args
    Feature record: CXX_FEATURE:1cxx_long_long_type
    Feature record: CXX_FEATURE:1cxx_noexcept
    Feature record: CXX_FEATURE:1cxx_nonstatic_member_init
    Feature record: CXX_FEATURE:1cxx_nullptr
    Feature record: CXX_FEATURE:1cxx_override
    Feature record: CXX_FEATURE:1cxx_range_for
    Feature record: CXX_FEATURE:1cxx_raw_string_literals
    Feature record: CXX_FEATURE:1cxx_reference_qualified_functions
    Feature record: CXX_FEATURE:0cxx_relaxed_constexpr
    Feature record: CXX_FEATURE:0cxx_return_type_deduction
    Feature record: CXX_FEATURE:1cxx_right_angle_brackets
    Feature record: CXX_FEATURE:1cxx_rvalue_references
    Feature record: CXX_FEATURE:1cxx_sizeof_member
    Feature record: CXX_FEATURE:1cxx_static_assert
    Feature record: CXX_FEATURE:1cxx_strong_enums
    Feature record: CXX_FEATURE:1cxx_template_template_parameters
    Feature record: CXX_FEATURE:1cxx_thread_local
    Feature record: CXX_FEATURE:1cxx_trailing_return_types
    Feature record: CXX_FEATURE:1cxx_unicode_literals
    Feature record: CXX_FEATURE:1cxx_uniform_initialization
    Feature record: CXX_FEATURE:1cxx_unrestricted_unions
    Feature record: CXX_FEATURE:1cxx_user_literals
    Feature record: CXX_FEATURE:0cxx_variable_templates
    Feature record: CXX_FEATURE:1cxx_variadic_macros
    Feature record: CXX_FEATURE:1cxx_variadic_templates


Detecting CXX [-std=c++98] compiler features compiled with the following output:
Change Dir: /home/xinyu/workspace/360/test_lcm/build/CMakeFiles/CMakeTmp

Run Build Command:"/usr/bin/make" "cmTC_0f701/fast"
/usr/bin/make -f CMakeFiles/cmTC_0f701.dir/build.make CMakeFiles/cmTC_0f701.dir/build
make[1]: 进入目录“/home/xinyu/workspace/360/test_lcm/build/CMakeFiles/CMakeTmp”
Building CXX object CMakeFiles/cmTC_0f701.dir/feature_tests.cxx.o
/home/xinyu/software/gcc-linaro-6.4.1-2018.05-x86_64_aarch64-linux-gnu/bin/aarch64-linux-gnu-g++  -DUSER=\"xinyu\"  -std=c++98 -o CMakeFiles/cmTC_0f701.dir/feature_tests.cxx.o -c /home/xinyu/workspace/360/test_lcm/build/CMakeFiles/feature_tests.cxx
Linking CXX executable cmTC_0f701
/usr/bin/cmake -E cmake_link_script CMakeFiles/cmTC_0f701.dir/link.txt --verbose=1
/home/xinyu/software/gcc-linaro-6.4.1-2018.05-x86_64_aarch64-linux-gnu/bin/aarch64-linux-gnu-g++       -rdynamic CMakeFiles/cmTC_0f701.dir/feature_tests.cxx.o  -o cmTC_0f701 
make[1]: 离开目录“/home/xinyu/workspace/360/test_lcm/build/CMakeFiles/CMakeTmp”


    Feature record: CXX_FEATURE:0cxx_aggregate_default_initializers
    Feature record: CXX_FEATURE:0cxx_alias_templates
    Feature record: CXX_FEATURE:0cxx_alignas
    Feature record: CXX_FEATURE:0cxx_alignof
    Feature record: CXX_FEATURE:0cxx_attributes
    Feature record: CXX_FEATURE:0cxx_attribute_deprecated
    Feature record: CXX_FEATURE:0cxx_auto_type
    Feature record: CXX_FEATURE:0cxx_binary_literals
    Feature record: CXX_FEATURE:0cxx_constexpr
    Feature record: CXX_FEATURE:0cxx_contextual_conversions
    Feature record: CXX_FEATURE:0cxx_decltype
    Feature record: CXX_FEATURE:0cxx_decltype_auto
    Feature record: CXX_FEATURE:0cxx_decltype_incomplete_return_types
    Feature record: CXX_FEATURE:0cxx_default_function_template_args
    Feature record: CXX_FEATURE:0cxx_defaulted_functions
    Feature record: CXX_FEATURE:0cxx_defaulted_move_initializers
    Feature record: CXX_FEATURE:0cxx_delegating_constructors
    Feature record: CXX_FEATURE:0cxx_deleted_functions
    Feature record: CXX_FEATURE:0cxx_digit_separators
    Feature record: CXX_FEATURE:0cxx_enum_forward_declarations
    Feature record: CXX_FEATURE:0cxx_explicit_conversions
    Feature record: CXX_FEATURE:0cxx_extended_friend_declarations
    Feature record: CXX_FEATURE:0cxx_extern_templates
    Feature record: CXX_FEATURE:0cxx_final
    Feature record: CXX_FEATURE:0cxx_func_identifier
    Feature record: CXX_FEATURE:0cxx_generalized_initializers
    Feature record: CXX_FEATURE:0cxx_generic_lambdas
    Feature record: CXX_FEATURE:0cxx_inheriting_constructors
    Feature record: CXX_FEATURE:0cxx_inline_namespaces
    Feature record: CXX_FEATURE:0cxx_lambdas
    Feature record: CXX_FEATURE:0cxx_lambda_init_captures
    Feature record: CXX_FEATURE:0cxx_local_type_template_args
    Feature record: CXX_FEATURE:0cxx_long_long_type
    Feature record: CXX_FEATURE:0cxx_noexcept
    Feature record: CXX_FEATURE:0cxx_nonstatic_member_init
    Feature record: CXX_FEATURE:0cxx_nullptr
    Feature record: CXX_FEATURE:0cxx_override
    Feature record: CXX_FEATURE:0cxx_range_for
    Feature record: CXX_FEATURE:0cxx_raw_string_literals
    Feature record: CXX_FEATURE:0cxx_reference_qualified_functions
    Feature record: CXX_FEATURE:0cxx_relaxed_constexpr
    Feature record: CXX_FEATURE:0cxx_return_type_deduction
    Feature record: CXX_FEATURE:0cxx_right_angle_brackets
    Feature record: CXX_FEATURE:0cxx_rvalue_references
    Feature record: CXX_FEATURE:0cxx_sizeof_member
    Feature record: CXX_FEATURE:0cxx_static_assert
    Feature record: CXX_FEATURE:0cxx_strong_enums
    Feature record: CXX_FEATURE:1cxx_template_template_parameters
    Feature record: CXX_FEATURE:0cxx_thread_local
    Feature record: CXX_FEATURE:0cxx_trailing_return_types
    Feature record: CXX_FEATURE:0cxx_unicode_literals
    Feature record: CXX_FEATURE:0cxx_uniform_initialization
    Feature record: CXX_FEATURE:0cxx_unrestricted_unions
    Feature record: CXX_FEATURE:0cxx_user_literals
    Feature record: CXX_FEATURE:0cxx_variable_templates
    Feature record: CXX_FEATURE:0cxx_variadic_macros
    Feature record: CXX_FEATURE:0cxx_variadic_templates
